  MySnake.cpp
e:\store\source code\mysnake\mysnake.cpp(335): warning C4996: 'kbhit': The POSIX name for this item is deprecated. Instead, use the ISO C and C++ conformant name: _kbhit. See online help for details.
  c:\program files (x86)\windows kits\10\include\10.0.10240.0\ucrt\conio.h(458): note: 参见“kbhit”的声明
e:\store\source code\mysnake\mysnake.cpp(366): warning C4996: 'getch': The POSIX name for this item is deprecated. Instead, use the ISO C and C++ conformant name: _getch. See online help for details.
  c:\program files (x86)\windows kits\10\include\10.0.10240.0\ucrt\conio.h(452): note: 参见“getch”的声明
e:\store\source code\mysnake\mysnake.cpp(367): warning C4996: 'getch': The POSIX name for this item is deprecated. Instead, use the ISO C and C++ conformant name: _getch. See online help for details.
  c:\program files (x86)\windows kits\10\include\10.0.10240.0\ucrt\conio.h(452): note: 参见“getch”的声明
e:\store\source code\mysnake\mysnake.cpp(464): warning C4996: 'getch': The POSIX name for this item is deprecated. Instead, use the ISO C and C++ conformant name: _getch. See online help for details.
  c:\program files (x86)\windows kits\10\include\10.0.10240.0\ucrt\conio.h(452): note: 参见“getch”的声明
e:\store\source code\mysnake\mysnake.cpp(465): warning C4996: 'getch': The POSIX name for this item is deprecated. Instead, use the ISO C and C++ conformant name: _getch. See online help for details.
  c:\program files (x86)\windows kits\10\include\10.0.10240.0\ucrt\conio.h(452): note: 参见“getch”的声明
e:\store\source code\mysnake\mysnake.cpp(330): warning C4101: “hit”: 未引用的局部变量
e:\store\source code\mysnake\mysnake.cpp(585): warning C4838: 从“int”转换到“SHORT”需要收缩转换
e:\store\source code\mysnake\mysnake.cpp(599): warning C4244: “参数”: 从“time_t”转换到“unsigned int”，可能丢失数据
e:\store\source code\mysnake\mysnake.cpp(634): warning C4244: “参数”: 从“time_t”转换到“unsigned int”，可能丢失数据
e:\store\source code\mysnake\mysnake.cpp(668): warning C4244: “参数”: 从“time_t”转换到“unsigned int”，可能丢失数据
e:\store\source code\mysnake\mysnake.cpp(677): warning C4244: “参数”: 从“time_t”转换到“unsigned int”，可能丢失数据
e:\store\source code\mysnake\mysnake.cpp(745): warning C4101: “del”: 未引用的局部变量
  MySnake.vcxproj -> E:\store\source code\MySnake\Debug\MySnake.exe
  MySnake.vcxproj -> E:\store\source code\MySnake\Debug\MySnake.pdb (Full PDB)
